
*************************************
Log started: Tue Apr 16 23:46:13 2013


*************************************

Warning: Indexed temp could not be resolved on line 1576, instruction 1036. Performance may be slow.
Warning: Indexed temp could not be resolved on line 1579, instruction 1039. Performance may be slow.
Warning: Indexed temp could not be resolved on line 1582, instruction 1042. Performance may be slow.
Warning: Indexed temp could not be resolved on line 1585, instruction 1045. Performance may be slow.
Warning: Indexed temp could not be resolved on line 2116, instruction 1565. Performance may be slow.
Warning: Indexed temp could not be resolved on line 2119, instruction 1568. Performance may be slow.
Warning: Indexed temp could not be resolved on line 2122, instruction 1571. Performance may be slow.
Warning: Indexed temp could not be resolved on line 2125, instruction 1574. Performance may be slow.
Warning: Indexed temp could not be resolved on line 2159, instruction 1607. Performance may be slow.
Warning: Indexed temp could not be resolved on line 2162, instruction 1610. Performance may be slow.
Warning: Indexed temp could not be resolved on line 2165, instruction 1613. Performance may be slow.
Warning: Indexed temp could not be resolved on line 2168, instruction 1616. Performance may be slow.
Warning: Indexed temp could not be resolved on line 2664, instruction 2100. Performance may be slow.
Warning: Indexed temp could not be resolved on line 2667, instruction 2103. Performance may be slow.
Warning: Indexed temp could not be resolved on line 2670, instruction 2106. Performance may be slow.
Warning: Indexed temp could not be resolved on line 2673, instruction 2109. Performance may be slow.
Warning: Indexed temp could not be resolved on line 2748, instruction 2183. Performance may be slow.
Warning: Indexed temp could not be resolved on line 2751, instruction 2186. Performance may be slow.
Warning: Indexed temp could not be resolved on line 2754, instruction 2189. Performance may be slow.
Warning: Indexed temp could not be resolved on line 2757, instruction 2192. Performance may be slow.
Warning: Indexed temp could not be resolved on line 2833, instruction 2265. Performance may be slow.
Warning: Indexed temp could not be resolved on line 2836, instruction 2268. Performance may be slow.
Warning: Indexed temp could not be resolved on line 2839, instruction 2271. Performance may be slow.
Warning: Indexed temp could not be resolved on line 2842, instruction 2274. Performance may be slow.
Warning: Indexed temp could not be resolved on line 2872, instruction 2303. Performance may be slow.
Warning: Indexed temp could not be resolved on line 2875, instruction 2306. Performance may be slow.
Warning: Indexed temp could not be resolved on line 2878, instruction 2309. Performance may be slow.
Warning: Indexed temp could not be resolved on line 2881, instruction 2312. Performance may be slow.
Warning: Indexed temp could not be resolved on line 2912, instruction 2342. Performance may be slow.
Warning: Indexed temp could not be resolved on line 2915, instruction 2345. Performance may be slow.
Warning: Indexed temp could not be resolved on line 2918, instruction 2348. Performance may be slow.
Warning: Indexed temp could not be resolved on line 2921, instruction 2351. Performance may be slow.
Warning: Indexed temp could not be resolved on line 2932, instruction 2362. Performance may be slow.
Warning: Indexed temp could not be resolved on line 2935, instruction 2365. Performance may be slow.
Warning: Indexed temp could not be resolved on line 2959, instruction 2388. Performance may be slow.
Warning: Indexed temp could not be resolved on line 2962, instruction 2391. Performance may be slow.
Warning: Indexed temp could not be resolved on line 2965, instruction 2394. Performance may be slow.
Warning: Indexed temp could not be resolved on line 2968, instruction 2397. Performance may be slow.
Warning: Indexed temp could not be resolved on line 2995, instruction 2424. Performance may be slow.
Warning: Indexed temp could not be resolved on line 2998, instruction 2427. Performance may be slow.
Warning: Indexed temp could not be resolved on line 3001, instruction 2430. Performance may be slow.
Warning: Indexed temp could not be resolved on line 3004, instruction 2433. Performance may be slow.
Warning: Indexed temp could not be resolved on line 3031, instruction 2460. Performance may be slow.
Warning: Indexed temp could not be resolved on line 3034, instruction 2463. Performance may be slow.
Warning: Indexed temp could not be resolved on line 3037, instruction 2466. Performance may be slow.
Warning: Indexed temp could not be resolved on line 3040, instruction 2469. Performance may be slow.
Warning: Indexed temp could not be resolved on line 3067, instruction 2496. Performance may be slow.
Warning: Indexed temp could not be resolved on line 3070, instruction 2499. Performance may be slow.
Warning: Indexed temp could not be resolved on line 3073, instruction 2502. Performance may be slow.
Warning: Indexed temp could not be resolved on line 3076, instruction 2505. Performance may be slow.
Warning: Indexed temp could not be resolved on line 3131, instruction 2558. Performance may be slow.
Warning: Indexed temp could not be resolved on line 3134, instruction 2561. Performance may be slow.
Warning: Indexed temp could not be resolved on line 3137, instruction 2564. Performance may be slow.
Warning: Indexed temp could not be resolved on line 3140, instruction 2567. Performance may be slow.
Warning: Indexed temp could not be resolved on line 3193, instruction 2619. Performance may be slow.
Warning: Indexed temp could not be resolved on line 3196, instruction 2622. Performance may be slow.
Warning: Indexed temp could not be resolved on line 3199, instruction 2625. Performance may be slow.
Warning: Indexed temp could not be resolved on line 3202, instruction 2628. Performance may be slow.
Warning: Indexed temp could not be resolved on line 3262, instruction 2683. Performance may be slow.
Warning: Indexed temp could not be resolved on line 3265, instruction 2686. Performance may be slow.
Warning: Indexed temp could not be resolved on line 3268, instruction 2689. Performance may be slow.
Warning: Indexed temp could not be resolved on line 3271, instruction 2692. Performance may be slow.
Warning: Indexed temp could not be resolved on line 3303, instruction 2723. Performance may be slow.
Warning: Indexed temp could not be resolved on line 3306, instruction 2726. Performance may be slow.
Warning: Indexed temp could not be resolved on line 3309, instruction 2729. Performance may be slow.
Warning: Indexed temp could not be resolved on line 3312, instruction 2732. Performance may be slow.
Warning: Indexed temp could not be resolved on line 3348, instruction 2762. Performance may be slow.
Warning: Indexed temp could not be resolved on line 3351, instruction 2765. Performance may be slow.
Warning: Indexed temp could not be resolved on line 3354, instruction 2768. Performance may be slow.
Warning: Indexed temp could not be resolved on line 3357, instruction 2771. Performance may be slow.
Warning: Indexed temp could not be resolved on line 3404, instruction 2814. Performance may be slow.
Warning: Indexed temp could not be resolved on line 3407, instruction 2817. Performance may be slow.
Warning: Indexed temp could not be resolved on line 3410, instruction 2820. Performance may be slow.
Warning: Indexed temp could not be resolved on line 3413, instruction 2823. Performance may be slow.
Warning: Indexed temp could not be resolved on line 3447, instruction 2856. Performance may be slow.
Warning: Indexed temp could not be resolved on line 3450, instruction 2859. Performance may be slow.
Warning: Indexed temp could not be resolved on line 3453, instruction 2862. Performance may be slow.
Warning: Indexed temp could not be resolved on line 3456, instruction 2865. Performance may be slow.
Warning: Indexed temp could not be resolved on line 3485, instruction 2893. Performance may be slow.
Warning: Indexed temp could not be resolved on line 3488, instruction 2896. Performance may be slow.
Warning: Indexed temp could not be resolved on line 3491, instruction 2899. Performance may be slow.
Warning: Indexed temp could not be resolved on line 3494, instruction 2902. Performance may be slow.
Warning: Indexed temp could not be resolved on line 3505, instruction 2913. Performance may be slow.
Warning: Indexed temp could not be resolved on line 3508, instruction 2916. Performance may be slow.
Warning: Indexed temp could not be resolved on line 3523, instruction 2930. Performance may be slow.
Warning: Indexed temp could not be resolved on line 3526, instruction 2933. Performance may be slow.
Warning: Indexed temp could not be resolved on line 3529, instruction 2936. Performance may be slow.
Warning: Indexed temp could not be resolved on line 3532, instruction 2939. Performance may be slow.
Warning: Indexed temp could not be resolved on line 3564, instruction 2970. Performance may be slow.
Warning: Indexed temp could not be resolved on line 3567, instruction 2973. Performance may be slow.
Warning: Indexed temp could not be resolved on line 3570, instruction 2976. Performance may be slow.
Warning: Indexed temp could not be resolved on line 3573, instruction 2979. Performance may be slow.
Warning: Indexed temp could not be resolved on line 3582, instruction 2988. Performance may be slow.
Warning: Indexed temp could not be resolved on line 3585, instruction 2991. Performance may be slow.
Warning: Indexed temp could not be resolved on line 3588, instruction 2994. Performance may be slow.
Warning: Indexed temp could not be resolved on line 3591, instruction 2997. Performance may be slow.
Warning: Indexed temp could not be resolved on line 3602, instruction 3008. Performance may be slow.
Warning: Indexed temp could not be resolved on line 3605, instruction 3011. Performance may be slow.
Warning: Indexed temp could not be resolved on line 3681, instruction 3087. Performance may be slow.
Warning: Indexed temp could not be resolved on line 3684, instruction 3090. Performance may be slow.
Warning: Indexed temp could not be resolved on line 3701, instruction 3107. Performance may be slow.
Warning: Indexed temp could not be resolved on line 3704, instruction 3110. Performance may be slow.
Warning: Indexed temp could not be resolved on line 3919, instruction 3316. Performance may be slow.
Warning: Indexed temp could not be resolved on line 3922, instruction 3319. Performance may be slow.
Warning: Indexed temp could not be resolved on line 3925, instruction 3322. Performance may be slow.
Warning: Indexed temp could not be resolved on line 3928, instruction 3325. Performance may be slow.
Warning: Indexed temp could not be resolved on line 3944, instruction 3340. Performance may be slow.
Warning: Indexed temp could not be resolved on line 3947, instruction 3343. Performance may be slow.
Warning: Indexed temp could not be resolved on line 3950, instruction 3346. Performance may be slow.
Warning: Indexed temp could not be resolved on line 3953, instruction 3349. Performance may be slow.
Warning: Indexed temp could not be resolved on line 3962, instruction 3358. Performance may be slow.
Warning: Indexed temp could not be resolved on line 3965, instruction 3361. Performance may be slow.
Warning: Indexed temp could not be resolved on line 3968, instruction 3364. Performance may be slow.
Warning: Indexed temp could not be resolved on line 3971, instruction 3367. Performance may be slow.
Warning: Indexed temp could not be resolved on line 3982, instruction 3378. Performance may be slow.
Warning: Indexed temp could not be resolved on line 3985, instruction 3381. Performance may be slow.
Warning: Indexed temp could not be resolved on line 4078, instruction 3474. Performance may be slow.
Warning: Indexed temp could not be resolved on line 4081, instruction 3477. Performance may be slow.
Warning: Indexed temp could not be resolved on line 4084, instruction 3480. Performance may be slow.
Warning: Indexed temp could not be resolved on line 4087, instruction 3483. Performance may be slow.
Warning: Indexed temp could not be resolved on line 4097, instruction 3493. Performance may be slow.
Warning: Indexed temp could not be resolved on line 4100, instruction 3496. Performance may be slow.
Warning: Indexed temp could not be resolved on line 4103, instruction 3499. Performance may be slow.
Warning: Indexed temp could not be resolved on line 4106, instruction 3502. Performance may be slow.
Warning: Indexed temp could not be resolved on line 4116, instruction 3512. Performance may be slow.
Warning: Indexed temp could not be resolved on line 4119, instruction 3515. Performance may be slow.
Warning: Indexed temp could not be resolved on line 4122, instruction 3518. Performance may be slow.
Warning: Indexed temp could not be resolved on line 4125, instruction 3521. Performance may be slow.
Warning: Indexed temp could not be resolved on line 4140, instruction 3536. Performance may be slow.
Warning: Indexed temp could not be resolved on line 4143, instruction 3539. Performance may be slow.
Warning: Indexed temp could not be resolved on line 4146, instruction 3542. Performance may be slow.
Warning: Indexed temp could not be resolved on line 4149, instruction 3545. Performance may be slow.
Warning: Indexed temp could not be resolved on line 4180, instruction 3576. Performance may be slow.
Warning: Indexed temp could not be resolved on line 4183, instruction 3579. Performance may be slow.
Warning: Indexed temp could not be resolved on line 4200, instruction 3596. Performance may be slow.
Warning: Indexed temp could not be resolved on line 4203, instruction 3599. Performance may be slow.
Warning: Indexed temp could not be resolved on line 4220, instruction 3616. Performance may be slow.
Warning: Indexed temp could not be resolved on line 4223, instruction 3619. Performance may be slow.
Warning: Indexed temp could not be resolved on line 4261, instruction 3657. Performance may be slow.
Warning: Indexed temp could not be resolved on line 4264, instruction 3660. Performance may be slow.
Warning: Indexed temp could not be resolved on line 4281, instruction 3677. Performance may be slow.
Warning: Indexed temp could not be resolved on line 4284, instruction 3680. Performance may be slow.
Warning: Indexed temp could not be resolved on line 4301, instruction 3697. Performance may be slow.
Warning: Indexed temp could not be resolved on line 4304, instruction 3700. Performance may be slow.
Warning: Indexed temp could not be resolved on line 5844, instruction 5210. Performance may be slow.
Warning: Indexed temp could not be resolved on line 5847, instruction 5213. Performance may be slow.
Warning: Indexed temp could not be resolved on line 5850, instruction 5216. Performance may be slow.
Warning: Indexed temp could not be resolved on line 5853, instruction 5219. Performance may be slow.
Warning: Indexed temp could not be resolved on line 5876, instruction 5241. Performance may be slow.
Warning: Indexed temp could not be resolved on line 5879, instruction 5244. Performance may be slow.
Warning: Indexed temp could not be resolved on line 5882, instruction 5247. Performance may be slow.
Warning: Indexed temp could not be resolved on line 5885, instruction 5250. Performance may be slow.
Warning: Indexed temp could not be resolved on line 5909, instruction 5273. Performance may be slow.
Warning: Indexed temp could not be resolved on line 5912, instruction 5276. Performance may be slow.
Warning: Indexed temp could not be resolved on line 5915, instruction 5279. Performance may be slow.
Warning: Indexed temp could not be resolved on line 5918, instruction 5282. Performance may be slow.
Warning: Indexed temp could not be resolved on line 5962, instruction 5325. Performance may be slow.
Warning: Indexed temp could not be resolved on line 5965, instruction 5328. Performance may be slow.
Warning: Indexed temp could not be resolved on line 5968, instruction 5331. Performance may be slow.
Warning: Indexed temp could not be resolved on line 5971, instruction 5334. Performance may be slow.
Warning: Indexed temp could not be resolved on line 5982, instruction 5345. Performance may be slow.
Warning: Indexed temp could not be resolved on line 5985, instruction 5348. Performance may be slow.
Warning: Indexed temp could not be resolved on line 6078, instruction 5441. Performance may be slow.
Warning: Indexed temp could not be resolved on line 6081, instruction 5444. Performance may be slow.
Warning: Indexed temp could not be resolved on line 6084, instruction 5447. Performance may be slow.
Warning: Indexed temp could not be resolved on line 6087, instruction 5450. Performance may be slow.
Warning: Indexed temp could not be resolved on line 6097, instruction 5460. Performance may be slow.
Warning: Indexed temp could not be resolved on line 6100, instruction 5463. Performance may be slow.
Warning: Indexed temp could not be resolved on line 6103, instruction 5466. Performance may be slow.
Warning: Indexed temp could not be resolved on line 6106, instruction 5469. Performance may be slow.
Warning: Indexed temp could not be resolved on line 6116, instruction 5479. Performance may be slow.
Warning: Indexed temp could not be resolved on line 6119, instruction 5482. Performance may be slow.
Warning: Indexed temp could not be resolved on line 6122, instruction 5485. Performance may be slow.
Warning: Indexed temp could not be resolved on line 6125, instruction 5488. Performance may be slow.
Warning: Indexed temp could not be resolved on line 6140, instruction 5503. Performance may be slow.
Warning: Indexed temp could not be resolved on line 6143, instruction 5506. Performance may be slow.
Warning: Indexed temp could not be resolved on line 6146, instruction 5509. Performance may be slow.
Warning: Indexed temp could not be resolved on line 6149, instruction 5512. Performance may be slow.
Warning: Indexed temp could not be resolved on line 6180, instruction 5543. Performance may be slow.
Warning: Indexed temp could not be resolved on line 6183, instruction 5546. Performance may be slow.
Warning: Indexed temp could not be resolved on line 6200, instruction 5563. Performance may be slow.
Warning: Indexed temp could not be resolved on line 6203, instruction 5566. Performance may be slow.
Warning: Indexed temp could not be resolved on line 6220, instruction 5583. Performance may be slow.
Warning: Indexed temp could not be resolved on line 6223, instruction 5586. Performance may be slow.
Warning: Indexed temp could not be resolved on line 6261, instruction 5624. Performance may be slow.
Warning: Indexed temp could not be resolved on line 6264, instruction 5627. Performance may be slow.
Warning: Indexed temp could not be resolved on line 6281, instruction 5644. Performance may be slow.
Warning: Indexed temp could not be resolved on line 6284, instruction 5647. Performance may be slow.
Warning: Indexed temp could not be resolved on line 6301, instruction 5664. Performance may be slow.
Warning: Indexed temp could not be resolved on line 6304, instruction 5667. Performance may be slow.
Warning: Indexed temp could not be resolved on line 7845, instruction 7178. Performance may be slow.
Warning: Indexed temp could not be resolved on line 7848, instruction 7181. Performance may be slow.
Warning: Indexed temp could not be resolved on line 7851, instruction 7184. Performance may be slow.
Warning: Indexed temp could not be resolved on line 7854, instruction 7187. Performance may be slow.
Warning: Indexed temp could not be resolved on line 7878, instruction 7210. Performance may be slow.
Warning: Indexed temp could not be resolved on line 7881, instruction 7213. Performance may be slow.
Warning: Indexed temp could not be resolved on line 7884, instruction 7216. Performance may be slow.
Warning: Indexed temp could not be resolved on line 7887, instruction 7219. Performance may be slow.
Warning: Indexed temp could not be resolved on line 7912, instruction 7243. Performance may be slow.
Warning: Indexed temp could not be resolved on line 7915, instruction 7246. Performance may be slow.
Warning: Indexed temp could not be resolved on line 7918, instruction 7249. Performance may be slow.
Warning: Indexed temp could not be resolved on line 7921, instruction 7252. Performance may be slow.
Warning: Indexed temp could not be resolved on line 8314, instruction 7635. Performance may be slow.
Warning: Indexed temp could not be resolved on line 8317, instruction 7638. Performance may be slow.
Warning: Indexed temp could not be resolved on line 8320, instruction 7641. Performance may be slow.
Warning: Indexed temp could not be resolved on line 8323, instruction 7644. Performance may be slow.
Warning: Indexed temp could not be resolved on line 8355, instruction 7675. Performance may be slow.
Warning: Indexed temp could not be resolved on line 8358, instruction 7678. Performance may be slow.
Warning: Indexed temp could not be resolved on line 8361, instruction 7681. Performance may be slow.
Warning: Indexed temp could not be resolved on line 8364, instruction 7684. Performance may be slow.
Warning: Indexed temp could not be resolved on line 8450, instruction 7768. Performance may be slow.
Warning: Indexed temp could not be resolved on line 8453, instruction 7771. Performance may be slow.
Warning: Indexed temp could not be resolved on line 8456, instruction 7774. Performance may be slow.
Warning: Indexed temp could not be resolved on line 8459, instruction 7777. Performance may be slow.
Warning: Indexed temp could not be resolved on line 8491, instruction 7808. Performance may be slow.
Warning: Indexed temp could not be resolved on line 8494, instruction 7811. Performance may be slow.
Warning: Indexed temp could not be resolved on line 8497, instruction 7814. Performance may be slow.
Warning: Indexed temp could not be resolved on line 8500, instruction 7817. Performance may be slow.
Warning: Indexed temp could not be resolved on line 8588, instruction 7903. Performance may be slow.
Warning: Indexed temp could not be resolved on line 8591, instruction 7906. Performance may be slow.
Warning: Indexed temp could not be resolved on line 8594, instruction 7909. Performance may be slow.
Warning: Indexed temp could not be resolved on line 8597, instruction 7912. Performance may be slow.
Warning: Indexed temp could not be resolved on line 8629, instruction 7943. Performance may be slow.
Warning: Indexed temp could not be resolved on line 8632, instruction 7946. Performance may be slow.
Warning: Indexed temp could not be resolved on line 8635, instruction 7949. Performance may be slow.
Warning: Indexed temp could not be resolved on line 8638, instruction 7952. Performance may be slow.
Warning: Indexed temp could not be resolved on line 8727, instruction 8038. Performance may be slow.
Warning: Indexed temp could not be resolved on line 8730, instruction 8041. Performance may be slow.
Warning: Indexed temp could not be resolved on line 8733, instruction 8044. Performance may be slow.
Warning: Indexed temp could not be resolved on line 8736, instruction 8047. Performance may be slow.
Warning: Indexed temp could not be resolved on line 8859, instruction 8167. Performance may be slow.
Warning: Indexed temp could not be resolved on line 8862, instruction 8170. Performance may be slow.
Warning: Indexed temp could not be resolved on line 8865, instruction 8173. Performance may be slow.
Warning: Indexed temp could not be resolved on line 8868, instruction 8176. Performance may be slow.
Warning: Indexed temp could not be resolved on line 9050, instruction 8351. Performance may be slow.
Warning: Indexed temp could not be resolved on line 9053, instruction 8354. Performance may be slow.
Warning: Indexed temp could not be resolved on line 9056, instruction 8357. Performance may be slow.
Warning: Indexed temp could not be resolved on line 9059, instruction 8360. Performance may be slow.
Warning: Indexed temp could not be resolved on line 9092, instruction 8392. Performance may be slow.
Warning: Indexed temp could not be resolved on line 9095, instruction 8395. Performance may be slow.
Warning: Indexed temp could not be resolved on line 9098, instruction 8398. Performance may be slow.
Warning: Indexed temp could not be resolved on line 9101, instruction 8401. Performance may be slow.
Warning: Indexed temp could not be resolved on line 9112, instruction 8412. Performance may be slow.
Warning: Indexed temp could not be resolved on line 9115, instruction 8415. Performance may be slow.
Warning: Indexed temp could not be resolved on line 10008, instruction 9287. Performance may be slow.
Warning: Indexed temp could not be resolved on line 10011, instruction 9290. Performance may be slow.
Warning: Indexed temp could not be resolved on line 10014, instruction 9293. Performance may be slow.
Warning: Indexed temp could not be resolved on line 10017, instruction 9296. Performance may be slow.
Warning: Indexed temp could not be resolved on line 10028, instruction 9307. Performance may be slow.
Warning: Indexed temp could not be resolved on line 10031, instruction 9310. Performance may be slow.
Warning: Indexed temp could not be resolved on line 10174, instruction 9448. Performance may be slow.
Warning: Indexed temp could not be resolved on line 10177, instruction 9451. Performance may be slow.
Warning: Indexed temp could not be resolved on line 10206, instruction 9479. Performance may be slow.
Warning: Indexed temp could not be resolved on line 10209, instruction 9482. Performance may be slow.
Warning: Indexed temp could not be resolved on line 10212, instruction 9485. Performance may be slow.
Warning: Indexed temp could not be resolved on line 10215, instruction 9488. Performance may be slow.
Warning: Indexed temp could not be resolved on line 10227, instruction 9500. Performance may be slow.
Warning: Indexed temp could not be resolved on line 10230, instruction 9503. Performance may be slow.
Warning: Indexed temp could not be resolved on line 10263, instruction 9533. Performance may be slow.
Warning: Indexed temp could not be resolved on line 10266, instruction 9536. Performance may be slow.
Warning: Indexed temp could not be resolved on line 10269, instruction 9539. Performance may be slow.
Warning: Indexed temp could not be resolved on line 10272, instruction 9542. Performance may be slow.
Warning: Indexed temp could not be resolved on line 10284, instruction 9554. Performance may be slow.
Warning: Indexed temp could not be resolved on line 10287, instruction 9557. Performance may be slow.
Warning: Indexed temp could not be resolved on line 10327, instruction 9595. Performance may be slow.
Warning: Indexed temp could not be resolved on line 10330, instruction 9598. Performance may be slow.
Warning: Indexed temp could not be resolved on line 10333, instruction 9601. Performance may be slow.
Warning: Indexed temp could not be resolved on line 10336, instruction 9604. Performance may be slow.
Warning: Indexed temp could not be resolved on line 10540, instruction 9804. Performance may be slow.
Warning: Indexed temp could not be resolved on line 10543, instruction 9807. Performance may be slow.
Warning: Indexed temp could not be resolved on line 10546, instruction 9810. Performance may be slow.
Warning: Indexed temp could not be resolved on line 10549, instruction 9813. Performance may be slow.
Warning: Indexed temp could not be resolved on line 10559, instruction 9823. Performance may be slow.
Warning: Indexed temp could not be resolved on line 10562, instruction 9826. Performance may be slow.
Warning: Indexed temp could not be resolved on line 10565, instruction 9829. Performance may be slow.
Warning: Indexed temp could not be resolved on line 10568, instruction 9832. Performance may be slow.
Warning: Indexed temp could not be resolved on line 10578, instruction 9842. Performance may be slow.
Warning: Indexed temp could not be resolved on line 10581, instruction 9845. Performance may be slow.
Warning: Indexed temp could not be resolved on line 10584, instruction 9848. Performance may be slow.
Warning: Indexed temp could not be resolved on line 10587, instruction 9851. Performance may be slow.
Warning: Indexed temp could not be resolved on line 10597, instruction 9861. Performance may be slow.
Warning: Indexed temp could not be resolved on line 10600, instruction 9864. Performance may be slow.
Warning: Indexed temp could not be resolved on line 10603, instruction 9867. Performance may be slow.
Warning: Indexed temp could not be resolved on line 10606, instruction 9870. Performance may be slow.
Warning: Indexed temp could not be resolved on line 10616, instruction 9880. Performance may be slow.
Warning: Indexed temp could not be resolved on line 10619, instruction 9883. Performance may be slow.
Warning: Indexed temp could not be resolved on line 10622, instruction 9886. Performance may be slow.
Warning: Indexed temp could not be resolved on line 10625, instruction 9889. Performance may be slow.
Warning: Indexed temp could not be resolved on line 10635, instruction 9899. Performance may be slow.
Warning: Indexed temp could not be resolved on line 10638, instruction 9902. Performance may be slow.
Warning: Indexed temp could not be resolved on line 10641, instruction 9905. Performance may be slow.
Warning: Indexed temp could not be resolved on line 10644, instruction 9908. Performance may be slow.
Warning: Indexed temp could not be resolved on line 10677, instruction 9941. Performance may be slow.
Warning: Indexed temp could not be resolved on line 10680, instruction 9944. Performance may be slow.
Warning: Indexed temp could not be resolved on line 10683, instruction 9947. Performance may be slow.
Warning: Indexed temp could not be resolved on line 10686, instruction 9950. Performance may be slow.
Warning: Indexed temp could not be resolved on line 10696, instruction 9960. Performance may be slow.
Warning: Indexed temp could not be resolved on line 10699, instruction 9963. Performance may be slow.
Warning: Indexed temp could not be resolved on line 10702, instruction 9966. Performance may be slow.
Warning: Indexed temp could not be resolved on line 10705, instruction 9969. Performance may be slow.
Warning: Indexed temp could not be resolved on line 10716, instruction 9980. Performance may be slow.
Warning: Indexed temp could not be resolved on line 10719, instruction 9983. Performance may be slow.
Warning: Indexed temp could not be resolved on line 10730, instruction 9994. Performance may be slow.
Warning: Indexed temp could not be resolved on line 10733, instruction 9997. Performance may be slow.
Warning: Indexed temp could not be resolved on line 10821, instruction 10084. Performance may be slow.
Warning: Indexed temp could not be resolved on line 10824, instruction 10087. Performance may be slow.
Warning: Indexed temp could not be resolved on line 10827, instruction 10090. Performance may be slow.
Warning: Indexed temp could not be resolved on line 10830, instruction 10093. Performance may be slow.
Warning: Indexed temp could not be resolved on line 10840, instruction 10103. Performance may be slow.
Warning: Indexed temp could not be resolved on line 10843, instruction 10106. Performance may be slow.
Warning: Indexed temp could not be resolved on line 10846, instruction 10109. Performance may be slow.
Warning: Indexed temp could not be resolved on line 10849, instruction 10112. Performance may be slow.
Warning: Indexed temp could not be resolved on line 10859, instruction 10122. Performance may be slow.
Warning: Indexed temp could not be resolved on line 10862, instruction 10125. Performance may be slow.
Warning: Indexed temp could not be resolved on line 10865, instruction 10128. Performance may be slow.
Warning: Indexed temp could not be resolved on line 10868, instruction 10131. Performance may be slow.
Warning: Indexed temp could not be resolved on line 10878, instruction 10141. Performance may be slow.
Warning: Indexed temp could not be resolved on line 10881, instruction 10144. Performance may be slow.
Warning: Indexed temp could not be resolved on line 10884, instruction 10147. Performance may be slow.
Warning: Indexed temp could not be resolved on line 10887, instruction 10150. Performance may be slow.
Warning: Indexed temp could not be resolved on line 10897, instruction 10160. Performance may be slow.
Warning: Indexed temp could not be resolved on line 10900, instruction 10163. Performance may be slow.
Warning: Indexed temp could not be resolved on line 10903, instruction 10166. Performance may be slow.
Warning: Indexed temp could not be resolved on line 10906, instruction 10169. Performance may be slow.
Warning: Indexed temp could not be resolved on line 10916, instruction 10179. Performance may be slow.
Warning: Indexed temp could not be resolved on line 10919, instruction 10182. Performance may be slow.
Warning: Indexed temp could not be resolved on line 10922, instruction 10185. Performance may be slow.
Warning: Indexed temp could not be resolved on line 10925, instruction 10188. Performance may be slow.
Warning: Indexed temp could not be resolved on line 10935, instruction 10198. Performance may be slow.
Warning: Indexed temp could not be resolved on line 10938, instruction 10201. Performance may be slow.
Warning: Indexed temp could not be resolved on line 10941, instruction 10204. Performance may be slow.
Warning: Indexed temp could not be resolved on line 10944, instruction 10207. Performance may be slow.
Warning: Indexed temp could not be resolved on line 10977, instruction 10240. Performance may be slow.
Warning: Indexed temp could not be resolved on line 10980, instruction 10243. Performance may be slow.
Warning: Indexed temp could not be resolved on line 10983, instruction 10246. Performance may be slow.
Warning: Indexed temp could not be resolved on line 10986, instruction 10249. Performance may be slow.
Warning: Indexed temp could not be resolved on line 10996, instruction 10259. Performance may be slow.
Warning: Indexed temp could not be resolved on line 10999, instruction 10262. Performance may be slow.
Warning: Indexed temp could not be resolved on line 11002, instruction 10265. Performance may be slow.
Warning: Indexed temp could not be resolved on line 11005, instruction 10268. Performance may be slow.
Warning: Indexed temp could not be resolved on line 11016, instruction 10279. Performance may be slow.
Warning: Indexed temp could not be resolved on line 11019, instruction 10282. Performance may be slow.
Warning: Indexed temp could not be resolved on line 11030, instruction 10293. Performance may be slow.
Warning: Indexed temp could not be resolved on line 11033, instruction 10296. Performance may be slow.
Warning: Indexed temp could not be resolved on line 11122, instruction 10383. Performance may be slow.
Warning: Indexed temp could not be resolved on line 11125, instruction 10386. Performance may be slow.
Warning: Indexed temp could not be resolved on line 11128, instruction 10389. Performance may be slow.
Warning: Indexed temp could not be resolved on line 11131, instruction 10392. Performance may be slow.
Warning: Indexed temp could not be resolved on line 11141, instruction 10402. Performance may be slow.
Warning: Indexed temp could not be resolved on line 11144, instruction 10405. Performance may be slow.
Warning: Indexed temp could not be resolved on line 11147, instruction 10408. Performance may be slow.
Warning: Indexed temp could not be resolved on line 11150, instruction 10411. Performance may be slow.
Warning: Indexed temp could not be resolved on line 11160, instruction 10421. Performance may be slow.
Warning: Indexed temp could not be resolved on line 11163, instruction 10424. Performance may be slow.
Warning: Indexed temp could not be resolved on line 11166, instruction 10427. Performance may be slow.
Warning: Indexed temp could not be resolved on line 11169, instruction 10430. Performance may be slow.
Warning: Indexed temp could not be resolved on line 11179, instruction 10440. Performance may be slow.
Warning: Indexed temp could not be resolved on line 11182, instruction 10443. Performance may be slow.
Warning: Indexed temp could not be resolved on line 11185, instruction 10446. Performance may be slow.
Warning: Indexed temp could not be resolved on line 11188, instruction 10449. Performance may be slow.
Warning: Indexed temp could not be resolved on line 11198, instruction 10459. Performance may be slow.
Warning: Indexed temp could not be resolved on line 11201, instruction 10462. Performance may be slow.
Warning: Indexed temp could not be resolved on line 11204, instruction 10465. Performance may be slow.
Warning: Indexed temp could not be resolved on line 11207, instruction 10468. Performance may be slow.
Warning: Indexed temp could not be resolved on line 11217, instruction 10478. Performance may be slow.
Warning: Indexed temp could not be resolved on line 11220, instruction 10481. Performance may be slow.
Warning: Indexed temp could not be resolved on line 11223, instruction 10484. Performance may be slow.
Warning: Indexed temp could not be resolved on line 11226, instruction 10487. Performance may be slow.
Warning: Indexed temp could not be resolved on line 11236, instruction 10497. Performance may be slow.
Warning: Indexed temp could not be resolved on line 11239, instruction 10500. Performance may be slow.
Warning: Indexed temp could not be resolved on line 11242, instruction 10503. Performance may be slow.
Warning: Indexed temp could not be resolved on line 11245, instruction 10506. Performance may be slow.
Warning: Indexed temp could not be resolved on line 11278, instruction 10539. Performance may be slow.
Warning: Indexed temp could not be resolved on line 11281, instruction 10542. Performance may be slow.
Warning: Indexed temp could not be resolved on line 11284, instruction 10545. Performance may be slow.
Warning: Indexed temp could not be resolved on line 11287, instruction 10548. Performance may be slow.
Warning: Indexed temp could not be resolved on line 11297, instruction 10558. Performance may be slow.
Warning: Indexed temp could not be resolved on line 11300, instruction 10561. Performance may be slow.
Warning: Indexed temp could not be resolved on line 11303, instruction 10564. Performance may be slow.
Warning: Indexed temp could not be resolved on line 11306, instruction 10567. Performance may be slow.
Warning: Indexed temp could not be resolved on line 11317, instruction 10578. Performance may be slow.
Warning: Indexed temp could not be resolved on line 11320, instruction 10581. Performance may be slow.
Warning: Indexed temp could not be resolved on line 11331, instruction 10592. Performance may be slow.
Warning: Indexed temp could not be resolved on line 11334, instruction 10595. Performance may be slow.
Message: 	switch

Message: 	switch

Message: 	switch

Message: 	switch

Message: 	switch

Message: 	switch

Message: 	switch

Message: 	whileloop

Message: 	whileloop

Message: 	whileloop

Message: 	whileloop

Message: 	switch

Message: 	whileloop

Message: 	switch

Message: 	whileloop

Message: 	switch

Message: 	whileloop

Message: 	switch

Message: 	whileloop

Message: 	switch

Message: 	whileloop

Message: 	switch

Message: 	whileloop

Message: 	switch

Message: 	whileloop

Message: 	whileloop

Message: 	whileloop

Message: 	whileloop

Message: 	whileloop

Message: 	switch

Message: 	whileloop

Message: 	switch

Message: 	whileloop

Message: 	switch

Message: 	whileloop

Message: 	switch

Message: 	whileloop

Message: 	switch

Message: 	whileloop

Message: 	switch

Message: 	whileloop

Message: 	switch

Message: 	whileloop

Message: 	whileloop

Message: 	whileloop

Message: 	whileloop

Message: 	whileloop

Message: 	whileloop

Message: 	whileloop

Message: 	whileloop

Message: 	switch

Message: 	whileloop

Message: 	switch

Message: 	whileloop

Message: 	switch

Message: 	whileloop

Message: 	switch

Message: 	whileloop

Message: 	switch

Message: 	whileloop

Message: 	switch

Message: 	whileloop

Message: 	switch

Message: 	whileloop

Message: 	whileloop

Message: 	whileloop

Message: 	whileloop

Message: 	whileloop

Message: 	whileloop

Message: 	whileloop

Message: 	whileloop

Message: 	whileloop

Message: 	whileloop

Message: 	whileloop

Message: 	whileloop

Message: 	whileloop

Message: 	whileloop

Message: 	whileloop

Message: 	whileloop

Message: 	whileloop

Message: 	whileloop

Message: 	whileloop

Message: 	whileloop

Message: 	whileloop

Message: 	whileloop


*************************************
Log started: Wed Apr 17 13:46:59 2013


*************************************

Warning: Indexed temp could not be resolved on line 771, instruction 355. Performance may be slow.
Warning: Indexed temp could not be resolved on line 774, instruction 358. Performance may be slow.
Warning: Indexed temp could not be resolved on line 777, instruction 361. Performance may be slow.
Warning: Indexed temp could not be resolved on line 780, instruction 364. Performance may be slow.
Warning: Indexed temp could not be resolved on line 1311, instruction 884. Performance may be slow.
Warning: Indexed temp could not be resolved on line 1314, instruction 887. Performance may be slow.
Warning: Indexed temp could not be resolved on line 1317, instruction 890. Performance may be slow.
Warning: Indexed temp could not be resolved on line 1320, instruction 893. Performance may be slow.
Warning: Indexed temp could not be resolved on line 1354, instruction 926. Performance may be slow.
Warning: Indexed temp could not be resolved on line 1357, instruction 929. Performance may be slow.
Warning: Indexed temp could not be resolved on line 1360, instruction 932. Performance may be slow.
Warning: Indexed temp could not be resolved on line 1363, instruction 935. Performance may be slow.
Warning: Indexed temp could not be resolved on line 1859, instruction 1419. Performance may be slow.
Warning: Indexed temp could not be resolved on line 1862, instruction 1422. Performance may be slow.
Warning: Indexed temp could not be resolved on line 1865, instruction 1425. Performance may be slow.
Warning: Indexed temp could not be resolved on line 1868, instruction 1428. Performance may be slow.
Warning: Indexed temp could not be resolved on line 1943, instruction 1502. Performance may be slow.
Warning: Indexed temp could not be resolved on line 1946, instruction 1505. Performance may be slow.
Warning: Indexed temp could not be resolved on line 1949, instruction 1508. Performance may be slow.
Warning: Indexed temp could not be resolved on line 1952, instruction 1511. Performance may be slow.
Warning: Indexed temp could not be resolved on line 2028, instruction 1584. Performance may be slow.
Warning: Indexed temp could not be resolved on line 2031, instruction 1587. Performance may be slow.
Warning: Indexed temp could not be resolved on line 2034, instruction 1590. Performance may be slow.
Warning: Indexed temp could not be resolved on line 2037, instruction 1593. Performance may be slow.
Warning: Indexed temp could not be resolved on line 2067, instruction 1622. Performance may be slow.
Warning: Indexed temp could not be resolved on line 2070, instruction 1625. Performance may be slow.
Warning: Indexed temp could not be resolved on line 2073, instruction 1628. Performance may be slow.
Warning: Indexed temp could not be resolved on line 2076, instruction 1631. Performance may be slow.
Warning: Indexed temp could not be resolved on line 2107, instruction 1661. Performance may be slow.
Warning: Indexed temp could not be resolved on line 2110, instruction 1664. Performance may be slow.
Warning: Indexed temp could not be resolved on line 2113, instruction 1667. Performance may be slow.
Warning: Indexed temp could not be resolved on line 2116, instruction 1670. Performance may be slow.
Warning: Indexed temp could not be resolved on line 2127, instruction 1681. Performance may be slow.
Warning: Indexed temp could not be resolved on line 2130, instruction 1684. Performance may be slow.
Warning: Indexed temp could not be resolved on line 2154, instruction 1707. Performance may be slow.
Warning: Indexed temp could not be resolved on line 2157, instruction 1710. Performance may be slow.
Warning: Indexed temp could not be resolved on line 2160, instruction 1713. Performance may be slow.
Warning: Indexed temp could not be resolved on line 2163, instruction 1716. Performance may be slow.
Warning: Indexed temp could not be resolved on line 2190, instruction 1743. Performance may be slow.
Warning: Indexed temp could not be resolved on line 2193, instruction 1746. Performance may be slow.
Warning: Indexed temp could not be resolved on line 2196, instruction 1749. Performance may be slow.
Warning: Indexed temp could not be resolved on line 2199, instruction 1752. Performance may be slow.
Warning: Indexed temp could not be resolved on line 2226, instruction 1779. Performance may be slow.
Warning: Indexed temp could not be resolved on line 2229, instruction 1782. Performance may be slow.
Warning: Indexed temp could not be resolved on line 2232, instruction 1785. Performance may be slow.
Warning: Indexed temp could not be resolved on line 2235, instruction 1788. Performance may be slow.
Warning: Indexed temp could not be resolved on line 2262, instruction 1815. Performance may be slow.
Warning: Indexed temp could not be resolved on line 2265, instruction 1818. Performance may be slow.
Warning: Indexed temp could not be resolved on line 2268, instruction 1821. Performance may be slow.
Warning: Indexed temp could not be resolved on line 2271, instruction 1824. Performance may be slow.
Warning: Indexed temp could not be resolved on line 2326, instruction 1877. Performance may be slow.
Warning: Indexed temp could not be resolved on line 2329, instruction 1880. Performance may be slow.
Warning: Indexed temp could not be resolved on line 2332, instruction 1883. Performance may be slow.
Warning: Indexed temp could not be resolved on line 2335, instruction 1886. Performance may be slow.
Warning: Indexed temp could not be resolved on line 2388, instruction 1938. Performance may be slow.
Warning: Indexed temp could not be resolved on line 2391, instruction 1941. Performance may be slow.
Warning: Indexed temp could not be resolved on line 2394, instruction 1944. Performance may be slow.
Warning: Indexed temp could not be resolved on line 2397, instruction 1947. Performance may be slow.
Warning: Indexed temp could not be resolved on line 2457, instruction 2002. Performance may be slow.
Warning: Indexed temp could not be resolved on line 2460, instruction 2005. Performance may be slow.
Warning: Indexed temp could not be resolved on line 2463, instruction 2008. Performance may be slow.
Warning: Indexed temp could not be resolved on line 2466, instruction 2011. Performance may be slow.
Warning: Indexed temp could not be resolved on line 2498, instruction 2042. Performance may be slow.
Warning: Indexed temp could not be resolved on line 2501, instruction 2045. Performance may be slow.
Warning: Indexed temp could not be resolved on line 2504, instruction 2048. Performance may be slow.
Warning: Indexed temp could not be resolved on line 2507, instruction 2051. Performance may be slow.
Warning: Indexed temp could not be resolved on line 2543, instruction 2081. Performance may be slow.
Warning: Indexed temp could not be resolved on line 2546, instruction 2084. Performance may be slow.
Warning: Indexed temp could not be resolved on line 2549, instruction 2087. Performance may be slow.
Warning: Indexed temp could not be resolved on line 2552, instruction 2090. Performance may be slow.
Warning: Indexed temp could not be resolved on line 2599, instruction 2133. Performance may be slow.
Warning: Indexed temp could not be resolved on line 2602, instruction 2136. Performance may be slow.
Warning: Indexed temp could not be resolved on line 2605, instruction 2139. Performance may be slow.
Warning: Indexed temp could not be resolved on line 2608, instruction 2142. Performance may be slow.
Warning: Indexed temp could not be resolved on line 2642, instruction 2175. Performance may be slow.
Warning: Indexed temp could not be resolved on line 2645, instruction 2178. Performance may be slow.
Warning: Indexed temp could not be resolved on line 2648, instruction 2181. Performance may be slow.
Warning: Indexed temp could not be resolved on line 2651, instruction 2184. Performance may be slow.
Warning: Indexed temp could not be resolved on line 2680, instruction 2212. Performance may be slow.
Warning: Indexed temp could not be resolved on line 2683, instruction 2215. Performance may be slow.
Warning: Indexed temp could not be resolved on line 2686, instruction 2218. Performance may be slow.
Warning: Indexed temp could not be resolved on line 2689, instruction 2221. Performance may be slow.
Warning: Indexed temp could not be resolved on line 2700, instruction 2232. Performance may be slow.
Warning: Indexed temp could not be resolved on line 2703, instruction 2235. Performance may be slow.
Warning: Indexed temp could not be resolved on line 2718, instruction 2249. Performance may be slow.
Warning: Indexed temp could not be resolved on line 2721, instruction 2252. Performance may be slow.
Warning: Indexed temp could not be resolved on line 2724, instruction 2255. Performance may be slow.
Warning: Indexed temp could not be resolved on line 2727, instruction 2258. Performance may be slow.
Warning: Indexed temp could not be resolved on line 2759, instruction 2289. Performance may be slow.
Warning: Indexed temp could not be resolved on line 2762, instruction 2292. Performance may be slow.
Warning: Indexed temp could not be resolved on line 2765, instruction 2295. Performance may be slow.
Warning: Indexed temp could not be resolved on line 2768, instruction 2298. Performance may be slow.
Warning: Indexed temp could not be resolved on line 2777, instruction 2307. Performance may be slow.
Warning: Indexed temp could not be resolved on line 2780, instruction 2310. Performance may be slow.
Warning: Indexed temp could not be resolved on line 2783, instruction 2313. Performance may be slow.
Warning: Indexed temp could not be resolved on line 2786, instruction 2316. Performance may be slow.
Warning: Indexed temp could not be resolved on line 2797, instruction 2327. Performance may be slow.
Warning: Indexed temp could not be resolved on line 2800, instruction 2330. Performance may be slow.
Warning: Indexed temp could not be resolved on line 2876, instruction 2406. Performance may be slow.
Warning: Indexed temp could not be resolved on line 2879, instruction 2409. Performance may be slow.
Warning: Indexed temp could not be resolved on line 2896, instruction 2426. Performance may be slow.
Warning: Indexed temp could not be resolved on line 2899, instruction 2429. Performance may be slow.
Warning: Indexed temp could not be resolved on line 3135, instruction 2655. Performance may be slow.
Warning: Indexed temp could not be resolved on line 3138, instruction 2658. Performance may be slow.
Warning: Indexed temp could not be resolved on line 3141, instruction 2661. Performance may be slow.
Warning: Indexed temp could not be resolved on line 3144, instruction 2664. Performance may be slow.
Warning: Indexed temp could not be resolved on line 3160, instruction 2679. Performance may be slow.
Warning: Indexed temp could not be resolved on line 3163, instruction 2682. Performance may be slow.
Warning: Indexed temp could not be resolved on line 3166, instruction 2685. Performance may be slow.
Warning: Indexed temp could not be resolved on line 3169, instruction 2688. Performance may be slow.
Warning: Indexed temp could not be resolved on line 3178, instruction 2697. Performance may be slow.
Warning: Indexed temp could not be resolved on line 3181, instruction 2700. Performance may be slow.
Warning: Indexed temp could not be resolved on line 3184, instruction 2703. Performance may be slow.
Warning: Indexed temp could not be resolved on line 3187, instruction 2706. Performance may be slow.
Warning: Indexed temp could not be resolved on line 3198, instruction 2717. Performance may be slow.
Warning: Indexed temp could not be resolved on line 3201, instruction 2720. Performance may be slow.
Warning: Indexed temp could not be resolved on line 3294, instruction 2813. Performance may be slow.
Warning: Indexed temp could not be resolved on line 3297, instruction 2816. Performance may be slow.
Warning: Indexed temp could not be resolved on line 3300, instruction 2819. Performance may be slow.
Warning: Indexed temp could not be resolved on line 3303, instruction 2822. Performance may be slow.
Warning: Indexed temp could not be resolved on line 3313, instruction 2832. Performance may be slow.
Warning: Indexed temp could not be resolved on line 3316, instruction 2835. Performance may be slow.
Warning: Indexed temp could not be resolved on line 3319, instruction 2838. Performance may be slow.
Warning: Indexed temp could not be resolved on line 3322, instruction 2841. Performance may be slow.
Warning: Indexed temp could not be resolved on line 3332, instruction 2851. Performance may be slow.
Warning: Indexed temp could not be resolved on line 3335, instruction 2854. Performance may be slow.
Warning: Indexed temp could not be resolved on line 3338, instruction 2857. Performance may be slow.
Warning: Indexed temp could not be resolved on line 3341, instruction 2860. Performance may be slow.
Warning: Indexed temp could not be resolved on line 3356, instruction 2875. Performance may be slow.
Warning: Indexed temp could not be resolved on line 3359, instruction 2878. Performance may be slow.
Warning: Indexed temp could not be resolved on line 3362, instruction 2881. Performance may be slow.
Warning: Indexed temp could not be resolved on line 3365, instruction 2884. Performance may be slow.
Warning: Indexed temp could not be resolved on line 3396, instruction 2915. Performance may be slow.
Warning: Indexed temp could not be resolved on line 3399, instruction 2918. Performance may be slow.
Warning: Indexed temp could not be resolved on line 3416, instruction 2935. Performance may be slow.
Warning: Indexed temp could not be resolved on line 3419, instruction 2938. Performance may be slow.
Warning: Indexed temp could not be resolved on line 3436, instruction 2955. Performance may be slow.
Warning: Indexed temp could not be resolved on line 3439, instruction 2958. Performance may be slow.
Warning: Indexed temp could not be resolved on line 3477, instruction 2996. Performance may be slow.
Warning: Indexed temp could not be resolved on line 3480, instruction 2999. Performance may be slow.
Warning: Indexed temp could not be resolved on line 3497, instruction 3016. Performance may be slow.
Warning: Indexed temp could not be resolved on line 3500, instruction 3019. Performance may be slow.
Warning: Indexed temp could not be resolved on line 3517, instruction 3036. Performance may be slow.
Warning: Indexed temp could not be resolved on line 3520, instruction 3039. Performance may be slow.
Warning: Indexed temp could not be resolved on line 5059, instruction 4548. Performance may be slow.
Warning: Indexed temp could not be resolved on line 5062, instruction 4551. Performance may be slow.
Warning: Indexed temp could not be resolved on line 5065, instruction 4554. Performance may be slow.
Warning: Indexed temp could not be resolved on line 5068, instruction 4557. Performance may be slow.
Warning: Indexed temp could not be resolved on line 5091, instruction 4579. Performance may be slow.
Warning: Indexed temp could not be resolved on line 5094, instruction 4582. Performance may be slow.
Warning: Indexed temp could not be resolved on line 5097, instruction 4585. Performance may be slow.
Warning: Indexed temp could not be resolved on line 5100, instruction 4588. Performance may be slow.
Warning: Indexed temp could not be resolved on line 5124, instruction 4611. Performance may be slow.
Warning: Indexed temp could not be resolved on line 5127, instruction 4614. Performance may be slow.
Warning: Indexed temp could not be resolved on line 5130, instruction 4617. Performance may be slow.
Warning: Indexed temp could not be resolved on line 5133, instruction 4620. Performance may be slow.
Warning: Indexed temp could not be resolved on line 5177, instruction 4663. Performance may be slow.
Warning: Indexed temp could not be resolved on line 5180, instruction 4666. Performance may be slow.
Warning: Indexed temp could not be resolved on line 5183, instruction 4669. Performance may be slow.
Warning: Indexed temp could not be resolved on line 5186, instruction 4672. Performance may be slow.
Warning: Indexed temp could not be resolved on line 5197, instruction 4683. Performance may be slow.
Warning: Indexed temp could not be resolved on line 5200, instruction 4686. Performance may be slow.
Warning: Indexed temp could not be resolved on line 5293, instruction 4779. Performance may be slow.
Warning: Indexed temp could not be resolved on line 5296, instruction 4782. Performance may be slow.
Warning: Indexed temp could not be resolved on line 5299, instruction 4785. Performance may be slow.
Warning: Indexed temp could not be resolved on line 5302, instruction 4788. Performance may be slow.
Warning: Indexed temp could not be resolved on line 5312, instruction 4798. Performance may be slow.
Warning: Indexed temp could not be resolved on line 5315, instruction 4801. Performance may be slow.
Warning: Indexed temp could not be resolved on line 5318, instruction 4804. Performance may be slow.
Warning: Indexed temp could not be resolved on line 5321, instruction 4807. Performance may be slow.
Warning: Indexed temp could not be resolved on line 5331, instruction 4817. Performance may be slow.
Warning: Indexed temp could not be resolved on line 5334, instruction 4820. Performance may be slow.
Warning: Indexed temp could not be resolved on line 5337, instruction 4823. Performance may be slow.
Warning: Indexed temp could not be resolved on line 5340, instruction 4826. Performance may be slow.
Warning: Indexed temp could not be resolved on line 5355, instruction 4841. Performance may be slow.
Warning: Indexed temp could not be resolved on line 5358, instruction 4844. Performance may be slow.
Warning: Indexed temp could not be resolved on line 5361, instruction 4847. Performance may be slow.
Warning: Indexed temp could not be resolved on line 5364, instruction 4850. Performance may be slow.
Warning: Indexed temp could not be resolved on line 5395, instruction 4881. Performance may be slow.
Warning: Indexed temp could not be resolved on line 5398, instruction 4884. Performance may be slow.
Warning: Indexed temp could not be resolved on line 5415, instruction 4901. Performance may be slow.
Warning: Indexed temp could not be resolved on line 5418, instruction 4904. Performance may be slow.
Warning: Indexed temp could not be resolved on line 5435, instruction 4921. Performance may be slow.
Warning: Indexed temp could not be resolved on line 5438, instruction 4924. Performance may be slow.
Warning: Indexed temp could not be resolved on line 5476, instruction 4962. Performance may be slow.
Warning: Indexed temp could not be resolved on line 5479, instruction 4965. Performance may be slow.
Warning: Indexed temp could not be resolved on line 5496, instruction 4982. Performance may be slow.
Warning: Indexed temp could not be resolved on line 5499, instruction 4985. Performance may be slow.
Warning: Indexed temp could not be resolved on line 5516, instruction 5002. Performance may be slow.
Warning: Indexed temp could not be resolved on line 5519, instruction 5005. Performance may be slow.
Warning: Indexed temp could not be resolved on line 7059, instruction 6515. Performance may be slow.
Warning: Indexed temp could not be resolved on line 7062, instruction 6518. Performance may be slow.
Warning: Indexed temp could not be resolved on line 7065, instruction 6521. Performance may be slow.
Warning: Indexed temp could not be resolved on line 7068, instruction 6524. Performance may be slow.
Warning: Indexed temp could not be resolved on line 7092, instruction 6547. Performance may be slow.
Warning: Indexed temp could not be resolved on line 7095, instruction 6550. Performance may be slow.
Warning: Indexed temp could not be resolved on line 7098, instruction 6553. Performance may be slow.
Warning: Indexed temp could not be resolved on line 7101, instruction 6556. Performance may be slow.
Warning: Indexed temp could not be resolved on line 7126, instruction 6580. Performance may be slow.
Warning: Indexed temp could not be resolved on line 7129, instruction 6583. Performance may be slow.
Warning: Indexed temp could not be resolved on line 7132, instruction 6586. Performance may be slow.
Warning: Indexed temp could not be resolved on line 7135, instruction 6589. Performance may be slow.
Warning: Indexed temp could not be resolved on line 7528, instruction 6972. Performance may be slow.
Warning: Indexed temp could not be resolved on line 7531, instruction 6975. Performance may be slow.
Warning: Indexed temp could not be resolved on line 7534, instruction 6978. Performance may be slow.
Warning: Indexed temp could not be resolved on line 7537, instruction 6981. Performance may be slow.
Warning: Indexed temp could not be resolved on line 7569, instruction 7012. Performance may be slow.
Warning: Indexed temp could not be resolved on line 7572, instruction 7015. Performance may be slow.
Warning: Indexed temp could not be resolved on line 7575, instruction 7018. Performance may be slow.
Warning: Indexed temp could not be resolved on line 7578, instruction 7021. Performance may be slow.
Warning: Indexed temp could not be resolved on line 7664, instruction 7105. Performance may be slow.
Warning: Indexed temp could not be resolved on line 7667, instruction 7108. Performance may be slow.
Warning: Indexed temp could not be resolved on line 7670, instruction 7111. Performance may be slow.
Warning: Indexed temp could not be resolved on line 7673, instruction 7114. Performance may be slow.
Warning: Indexed temp could not be resolved on line 7705, instruction 7145. Performance may be slow.
Warning: Indexed temp could not be resolved on line 7708, instruction 7148. Performance may be slow.
Warning: Indexed temp could not be resolved on line 7711, instruction 7151. Performance may be slow.
Warning: Indexed temp could not be resolved on line 7714, instruction 7154. Performance may be slow.
Warning: Indexed temp could not be resolved on line 7800, instruction 7238. Performance may be slow.
Warning: Indexed temp could not be resolved on line 7803, instruction 7241. Performance may be slow.
Warning: Indexed temp could not be resolved on line 7806, instruction 7244. Performance may be slow.
Warning: Indexed temp could not be resolved on line 7809, instruction 7247. Performance may be slow.
Warning: Indexed temp could not be resolved on line 7841, instruction 7278. Performance may be slow.
Warning: Indexed temp could not be resolved on line 7844, instruction 7281. Performance may be slow.
Warning: Indexed temp could not be resolved on line 7847, instruction 7284. Performance may be slow.
Warning: Indexed temp could not be resolved on line 7850, instruction 7287. Performance may be slow.
Warning: Indexed temp could not be resolved on line 7953, instruction 7387. Performance may be slow.
Warning: Indexed temp could not be resolved on line 7956, instruction 7390. Performance may be slow.
Warning: Indexed temp could not be resolved on line 7959, instruction 7393. Performance may be slow.
Warning: Indexed temp could not be resolved on line 7962, instruction 7396. Performance may be slow.
Warning: Indexed temp could not be resolved on line 8026, instruction 7458. Performance may be slow.
Warning: Indexed temp could not be resolved on line 8029, instruction 7461. Performance may be slow.
Warning: Indexed temp could not be resolved on line 8032, instruction 7464. Performance may be slow.
Warning: Indexed temp could not be resolved on line 8035, instruction 7467. Performance may be slow.
Warning: Indexed temp could not be resolved on line 8156, instruction 7585. Performance may be slow.
Warning: Indexed temp could not be resolved on line 8159, instruction 7588. Performance may be slow.
Warning: Indexed temp could not be resolved on line 8162, instruction 7591. Performance may be slow.
Warning: Indexed temp could not be resolved on line 8165, instruction 7594. Performance may be slow.
Warning: Indexed temp could not be resolved on line 8451, instruction 7871. Performance may be slow.
Warning: Indexed temp could not be resolved on line 8454, instruction 7874. Performance may be slow.
Warning: Indexed temp could not be resolved on line 8457, instruction 7877. Performance may be slow.
Warning: Indexed temp could not be resolved on line 8460, instruction 7880. Performance may be slow.
Warning: Indexed temp could not be resolved on line 8471, instruction 7891. Performance may be slow.
Warning: Indexed temp could not be resolved on line 8474, instruction 7894. Performance may be slow.
Warning: Indexed temp could not be resolved on line 8736, instruction 8151. Performance may be slow.
Warning: Indexed temp could not be resolved on line 8739, instruction 8154. Performance may be slow.
Warning: Indexed temp could not be resolved on line 8742, instruction 8157. Performance may be slow.
Warning: Indexed temp could not be resolved on line 8745, instruction 8160. Performance may be slow.
Warning: Indexed temp could not be resolved on line 8944, instruction 8351. Performance may be slow.
Warning: Indexed temp could not be resolved on line 8947, instruction 8354. Performance may be slow.
Warning: Indexed temp could not be resolved on line 8950, instruction 8357. Performance may be slow.
Warning: Indexed temp could not be resolved on line 8953, instruction 8360. Performance may be slow.
Warning: Indexed temp could not be resolved on line 8964, instruction 8371. Performance may be slow.
Warning: Indexed temp could not be resolved on line 8967, instruction 8374. Performance may be slow.
Warning: Indexed temp could not be resolved on line 9510, instruction 8904. Performance may be slow.
Warning: Indexed temp could not be resolved on line 9513, instruction 8907. Performance may be slow.
Warning: Indexed temp could not be resolved on line 9516, instruction 8910. Performance may be slow.
Warning: Indexed temp could not be resolved on line 9519, instruction 8913. Performance may be slow.
Warning: Indexed temp could not be resolved on line 9530, instruction 8924. Performance may be slow.
Warning: Indexed temp could not be resolved on line 9533, instruction 8927. Performance may be slow.
Warning: Indexed temp could not be resolved on line 9656, instruction 9046. Performance may be slow.
Warning: Indexed temp could not be resolved on line 9659, instruction 9049. Performance may be slow.
Warning: Indexed temp could not be resolved on line 9893, instruction 9278. Performance may be slow.
Warning: Indexed temp could not be resolved on line 9896, instruction 9281. Performance may be slow.
Warning: Indexed temp could not be resolved on line 9899, instruction 9284. Performance may be slow.
Warning: Indexed temp could not be resolved on line 9902, instruction 9287. Performance may be slow.
Warning: Indexed temp could not be resolved on line 9912, instruction 9297. Performance may be slow.
Warning: Indexed temp could not be resolved on line 9915, instruction 9300. Performance may be slow.
Warning: Indexed temp could not be resolved on line 9918, instruction 9303. Performance may be slow.
Warning: Indexed temp could not be resolved on line 9921, instruction 9306. Performance may be slow.
Warning: Indexed temp could not be resolved on line 9931, instruction 9316. Performance may be slow.
Warning: Indexed temp could not be resolved on line 9934, instruction 9319. Performance may be slow.
Warning: Indexed temp could not be resolved on line 9937, instruction 9322. Performance may be slow.
Warning: Indexed temp could not be resolved on line 9940, instruction 9325. Performance may be slow.
Warning: Indexed temp could not be resolved on line 9950, instruction 9335. Performance may be slow.
Warning: Indexed temp could not be resolved on line 9953, instruction 9338. Performance may be slow.
Warning: Indexed temp could not be resolved on line 9956, instruction 9341. Performance may be slow.
Warning: Indexed temp could not be resolved on line 9959, instruction 9344. Performance may be slow.
Warning: Indexed temp could not be resolved on line 9969, instruction 9354. Performance may be slow.
Warning: Indexed temp could not be resolved on line 9972, instruction 9357. Performance may be slow.
Warning: Indexed temp could not be resolved on line 9975, instruction 9360. Performance may be slow.
Warning: Indexed temp could not be resolved on line 9978, instruction 9363. Performance may be slow.
Warning: Indexed temp could not be resolved on line 9988, instruction 9373. Performance may be slow.
Warning: Indexed temp could not be resolved on line 9991, instruction 9376. Performance may be slow.
Warning: Indexed temp could not be resolved on line 9994, instruction 9379. Performance may be slow.
Warning: Indexed temp could not be resolved on line 9997, instruction 9382. Performance may be slow.
Warning: Indexed temp could not be resolved on line 10030, instruction 9415. Performance may be slow.
Warning: Indexed temp could not be resolved on line 10033, instruction 9418. Performance may be slow.
Warning: Indexed temp could not be resolved on line 10036, instruction 9421. Performance may be slow.
Warning: Indexed temp could not be resolved on line 10039, instruction 9424. Performance may be slow.
Warning: Indexed temp could not be resolved on line 10049, instruction 9434. Performance may be slow.
Warning: Indexed temp could not be resolved on line 10052, instruction 9437. Performance may be slow.
Warning: Indexed temp could not be resolved on line 10055, instruction 9440. Performance may be slow.
Warning: Indexed temp could not be resolved on line 10058, instruction 9443. Performance may be slow.
Warning: Indexed temp could not be resolved on line 10069, instruction 9454. Performance may be slow.
Warning: Indexed temp could not be resolved on line 10072, instruction 9457. Performance may be slow.
Warning: Indexed temp could not be resolved on line 10083, instruction 9468. Performance may be slow.
Warning: Indexed temp could not be resolved on line 10086, instruction 9471. Performance may be slow.
Warning: Indexed temp could not be resolved on line 10174, instruction 9558. Performance may be slow.
Warning: Indexed temp could not be resolved on line 10177, instruction 9561. Performance may be slow.
Warning: Indexed temp could not be resolved on line 10180, instruction 9564. Performance may be slow.
Warning: Indexed temp could not be resolved on line 10183, instruction 9567. Performance may be slow.
Warning: Indexed temp could not be resolved on line 10193, instruction 9577. Performance may be slow.
Warning: Indexed temp could not be resolved on line 10196, instruction 9580. Performance may be slow.
Warning: Indexed temp could not be resolved on line 10199, instruction 9583. Performance may be slow.
Warning: Indexed temp could not be resolved on line 10202, instruction 9586. Performance may be slow.
Warning: Indexed temp could not be resolved on line 10212, instruction 9596. Performance may be slow.
Warning: Indexed temp could not be resolved on line 10215, instruction 9599. Performance may be slow.
Warning: Indexed temp could not be resolved on line 10218, instruction 9602. Performance may be slow.
Warning: Indexed temp could not be resolved on line 10221, instruction 9605. Performance may be slow.
Warning: Indexed temp could not be resolved on line 10231, instruction 9615. Performance may be slow.
Warning: Indexed temp could not be resolved on line 10234, instruction 9618. Performance may be slow.
Warning: Indexed temp could not be resolved on line 10237, instruction 9621. Performance may be slow.
Warning: Indexed temp could not be resolved on line 10240, instruction 9624. Performance may be slow.
Warning: Indexed temp could not be resolved on line 10250, instruction 9634. Performance may be slow.
Warning: Indexed temp could not be resolved on line 10253, instruction 9637. Performance may be slow.
Warning: Indexed temp could not be resolved on line 10256, instruction 9640. Performance may be slow.
Warning: Indexed temp could not be resolved on line 10259, instruction 9643. Performance may be slow.
Warning: Indexed temp could not be resolved on line 10269, instruction 9653. Performance may be slow.
Warning: Indexed temp could not be resolved on line 10272, instruction 9656. Performance may be slow.
Warning: Indexed temp could not be resolved on line 10275, instruction 9659. Performance may be slow.
Warning: Indexed temp could not be resolved on line 10278, instruction 9662. Performance may be slow.
Warning: Indexed temp could not be resolved on line 10288, instruction 9672. Performance may be slow.
Warning: Indexed temp could not be resolved on line 10291, instruction 9675. Performance may be slow.
Warning: Indexed temp could not be resolved on line 10294, instruction 9678. Performance may be slow.
Warning: Indexed temp could not be resolved on line 10297, instruction 9681. Performance may be slow.
Warning: Indexed temp could not be resolved on line 10330, instruction 9714. Performance may be slow.
Warning: Indexed temp could not be resolved on line 10333, instruction 9717. Performance may be slow.
Warning: Indexed temp could not be resolved on line 10336, instruction 9720. Performance may be slow.
Warning: Indexed temp could not be resolved on line 10339, instruction 9723. Performance may be slow.
Warning: Indexed temp could not be resolved on line 10349, instruction 9733. Performance may be slow.
Warning: Indexed temp could not be resolved on line 10352, instruction 9736. Performance may be slow.
Warning: Indexed temp could not be resolved on line 10355, instruction 9739. Performance may be slow.
Warning: Indexed temp could not be resolved on line 10358, instruction 9742. Performance may be slow.
Warning: Indexed temp could not be resolved on line 10369, instruction 9753. Performance may be slow.
Warning: Indexed temp could not be resolved on line 10372, instruction 9756. Performance may be slow.
Warning: Indexed temp could not be resolved on line 10383, instruction 9767. Performance may be slow.
Warning: Indexed temp could not be resolved on line 10386, instruction 9770. Performance may be slow.
Warning: Indexed temp could not be resolved on line 10475, instruction 9857. Performance may be slow.
Warning: Indexed temp could not be resolved on line 10478, instruction 9860. Performance may be slow.
Warning: Indexed temp could not be resolved on line 10481, instruction 9863. Performance may be slow.
Warning: Indexed temp could not be resolved on line 10484, instruction 9866. Performance may be slow.
Warning: Indexed temp could not be resolved on line 10494, instruction 9876. Performance may be slow.
Warning: Indexed temp could not be resolved on line 10497, instruction 9879. Performance may be slow.
Warning: Indexed temp could not be resolved on line 10500, instruction 9882. Performance may be slow.
Warning: Indexed temp could not be resolved on line 10503, instruction 9885. Performance may be slow.
Warning: Indexed temp could not be resolved on line 10513, instruction 9895. Performance may be slow.
Warning: Indexed temp could not be resolved on line 10516, instruction 9898. Performance may be slow.
Warning: Indexed temp could not be resolved on line 10519, instruction 9901. Performance may be slow.
Warning: Indexed temp could not be resolved on line 10522, instruction 9904. Performance may be slow.
Warning: Indexed temp could not be resolved on line 10532, instruction 9914. Performance may be slow.
Warning: Indexed temp could not be resolved on line 10535, instruction 9917. Performance may be slow.
Warning: Indexed temp could not be resolved on line 10538, instruction 9920. Performance may be slow.
Warning: Indexed temp could not be resolved on line 10541, instruction 9923. Performance may be slow.
Warning: Indexed temp could not be resolved on line 10551, instruction 9933. Performance may be slow.
Warning: Indexed temp could not be resolved on line 10554, instruction 9936. Performance may be slow.
Warning: Indexed temp could not be resolved on line 10557, instruction 9939. Performance may be slow.
Warning: Indexed temp could not be resolved on line 10560, instruction 9942. Performance may be slow.
Warning: Indexed temp could not be resolved on line 10570, instruction 9952. Performance may be slow.
Warning: Indexed temp could not be resolved on line 10573, instruction 9955. Performance may be slow.
Warning: Indexed temp could not be resolved on line 10576, instruction 9958. Performance may be slow.
Warning: Indexed temp could not be resolved on line 10579, instruction 9961. Performance may be slow.
Warning: Indexed temp could not be resolved on line 10589, instruction 9971. Performance may be slow.
Warning: Indexed temp could not be resolved on line 10592, instruction 9974. Performance may be slow.
Warning: Indexed temp could not be resolved on line 10595, instruction 9977. Performance may be slow.
Warning: Indexed temp could not be resolved on line 10598, instruction 9980. Performance may be slow.
Warning: Indexed temp could not be resolved on line 10631, instruction 10013. Performance may be slow.
Warning: Indexed temp could not be resolved on line 10634, instruction 10016. Performance may be slow.
Warning: Indexed temp could not be resolved on line 10637, instruction 10019. Performance may be slow.
Warning: Indexed temp could not be resolved on line 10640, instruction 10022. Performance may be slow.
Warning: Indexed temp could not be resolved on line 10650, instruction 10032. Performance may be slow.
Warning: Indexed temp could not be resolved on line 10653, instruction 10035. Performance may be slow.
Warning: Indexed temp could not be resolved on line 10656, instruction 10038. Performance may be slow.
Warning: Indexed temp could not be resolved on line 10659, instruction 10041. Performance may be slow.
Warning: Indexed temp could not be resolved on line 10670, instruction 10052. Performance may be slow.
Warning: Indexed temp could not be resolved on line 10673, instruction 10055. Performance may be slow.
Warning: Indexed temp could not be resolved on line 10684, instruction 10066. Performance may be slow.
Warning: Indexed temp could not be resolved on line 10687, instruction 10069. Performance may be slow.
Warning: Indexed temp could not be resolved on line 12460, instruction 11488. Performance may be slow.
Warning: Indexed temp could not be resolved on line 12463, instruction 11491. Performance may be slow.
Warning: Indexed temp could not be resolved on line 12466, instruction 11494. Performance may be slow.
Warning: Indexed temp could not be resolved on line 12469, instruction 11497. Performance may be slow.
Warning: Indexed temp could not be resolved on line 12495, instruction 11523. Performance may be slow.
Warning: Indexed temp could not be resolved on line 12498, instruction 11526. Performance may be slow.
Warning: Indexed temp could not be resolved on line 12501, instruction 11529. Performance may be slow.
Warning: Indexed temp could not be resolved on line 12504, instruction 11532. Performance may be slow.
Warning: Indexed temp could not be resolved on line 13542, instruction 12534. Performance may be slow.
Warning: Indexed temp could not be resolved on line 13545, instruction 12537. Performance may be slow.
Warning: Indexed temp could not be resolved on line 13548, instruction 12540. Performance may be slow.
Warning: Indexed temp could not be resolved on line 13551, instruction 12543. Performance may be slow.
Warning: Indexed temp could not be resolved on line 13577, instruction 12569. Performance may be slow.
Warning: Indexed temp could not be resolved on line 13580, instruction 12572. Performance may be slow.
Warning: Indexed temp could not be resolved on line 13583, instruction 12575. Performance may be slow.
Warning: Indexed temp could not be resolved on line 13586, instruction 12578. Performance may be slow.
Warning: Indexed temp could not be resolved on line 14624, instruction 13580. Performance may be slow.
Warning: Indexed temp could not be resolved on line 14627, instruction 13583. Performance may be slow.
Warning: Indexed temp could not be resolved on line 14630, instruction 13586. Performance may be slow.
Warning: Indexed temp could not be resolved on line 14633, instruction 13589. Performance may be slow.
Warning: Indexed temp could not be resolved on line 14659, instruction 13615. Performance may be slow.
Warning: Indexed temp could not be resolved on line 14662, instruction 13618. Performance may be slow.
Warning: Indexed temp could not be resolved on line 14665, instruction 13621. Performance may be slow.
Warning: Indexed temp could not be resolved on line 14668, instruction 13624. Performance may be slow.
Warning: Indexed temp could not be resolved on line 15704, instruction 14624. Performance may be slow.
Warning: Indexed temp could not be resolved on line 15707, instruction 14627. Performance may be slow.
Warning: Indexed temp could not be resolved on line 15710, instruction 14630. Performance may be slow.
Warning: Indexed temp could not be resolved on line 15713, instruction 14633. Performance may be slow.
Warning: Indexed temp could not be resolved on line 15739, instruction 14659. Performance may be slow.
Warning: Indexed temp could not be resolved on line 15742, instruction 14662. Performance may be slow.
Warning: Indexed temp could not be resolved on line 15745, instruction 14665. Performance may be slow.
Warning: Indexed temp could not be resolved on line 15748, instruction 14668. Performance may be slow.
Warning: Indexed temp could not be resolved on line 16784, instruction 15668. Performance may be slow.
Warning: Indexed temp could not be resolved on line 16787, instruction 15671. Performance may be slow.
Warning: Indexed temp could not be resolved on line 16790, instruction 15674. Performance may be slow.
Warning: Indexed temp could not be resolved on line 16793, instruction 15677. Performance may be slow.
Warning: Indexed temp could not be resolved on line 16819, instruction 15703. Performance may be slow.
Warning: Indexed temp could not be resolved on line 16822, instruction 15706. Performance may be slow.
Warning: Indexed temp could not be resolved on line 16825, instruction 15709. Performance may be slow.
Warning: Indexed temp could not be resolved on line 16828, instruction 15712. Performance may be slow.
Warning: Indexed temp could not be resolved on line 17865, instruction 16713. Performance may be slow.
Warning: Indexed temp could not be resolved on line 17868, instruction 16716. Performance may be slow.
Warning: Indexed temp could not be resolved on line 17871, instruction 16719. Performance may be slow.
Warning: Indexed temp could not be resolved on line 17874, instruction 16722. Performance may be slow.
Warning: Indexed temp could not be resolved on line 17900, instruction 16748. Performance may be slow.
Warning: Indexed temp could not be resolved on line 17903, instruction 16751. Performance may be slow.
Warning: Indexed temp could not be resolved on line 17906, instruction 16754. Performance may be slow.
Warning: Indexed temp could not be resolved on line 17909, instruction 16757. Performance may be slow.
Message: 	whileloop

Message: 	whileloop

Message: 	whileloop

Message: 	whileloop

Message: 	whileloop

Message: 	switch

Message: 	whileloop

Message: 	switch

Message: 	whileloop

Message: 	switch

Message: 	whileloop

Message: 	switch

Message: 	whileloop

Message: 	switch

Message: 	whileloop

Message: 	switch

Message: 	whileloop

Message: 	switch

Message: 	whileloop

Message: 	whileloop

Message: 	whileloop

Message: 	whileloop

Message: 	whileloop

Message: 	whileloop

Message: 	whileloop

Message: 	whileloop

Message: 	whileloop

Message: 	whileloop

Message: 	whileloop

Message: 	whileloop

Message: 	whileloop

Message: 	whileloop

Message: 	whileloop

Message: 	whileloop

Message: 	whileloop

